<?xml version="1.0" encoding="UTF-8"?>
<!-- Generated by org.testng.reporters.JUnitReportReporter -->
<testsuite hostname="DESKTOP-L6QNKSE" failures="0" tests="1" name="com.SauceTest.LogoutFuction" time="6.773" errors="0" timestamp="2022-05-27T19:53:36 IST" skipped="0">
  <testcase classname="com.SauceTest.LogoutFuction" name="logoutcheck" time="6.773"/>
  <system-out/>
</testsuite> <!-- com.SauceTest.LogoutFuction -->
