<?xml version="1.0" encoding="UTF-8"?>
<!-- Generated by org.testng.reporters.JUnitReportReporter -->
<testsuite hostname="DESKTOP-L6QNKSE" failures="0" tests="1" name="testNG.TestNG_1" time="0.004" errors="0" timestamp="2022-05-25T17:29:40 IST" skipped="0">
  <testcase classname="testNG.TestNG_1" name="method1" time="0.004"/>
  <system-out/>
</testsuite> <!-- testNG.TestNG_1 -->
