<?xml version="1.0" encoding="UTF-8"?>
<!-- Generated by org.testng.reporters.JUnitReportReporter -->
<testsuite hostname="DESKTOP-L6QNKSE" failures="0" tests="1" name="com.SauceTest.LoginCheck" time="9.476" errors="0" timestamp="2022-05-27T19:53:36 IST" skipped="0">
  <testcase classname="com.SauceTest.LoginCheck" name="loginFunction" time="9.476"/>
  <system-out/>
</testsuite> <!-- com.SauceTest.LoginCheck -->
