<?xml version="1.0" encoding="UTF-8"?>
<!-- Generated by org.testng.reporters.JUnitReportReporter -->
<testsuite hostname="DESKTOP-L6QNKSE" failures="0" tests="1" name="com.SauceTest.HomeFuction" time="6.720" errors="0" timestamp="2022-05-27T19:53:36 IST" skipped="0">
  <testcase classname="com.SauceTest.HomeFuction" name="homeElement" time="6.720"/>
  <system-out/>
</testsuite> <!-- com.SauceTest.HomeFuction -->
